::1 - - [12/Nov/2025:09:47:40 +0200] "GET / HTTP/1.1" 200 220
::1 - - [12/Nov/2025:09:47:40 +0200] "GET /favicon.ico HTTP/1.1" 404 296
::1 - - [12/Nov/2025:09:52:40 +0200] "-" 408 -
::1 - - [12/Nov/2025:09:53:29 +0200] "GET / HTTP/1.1" 200 226
::1 - - [12/Nov/2025:10:03:07 +0200] "GET / HTTP/1.1" 200 23
::1 - - [12/Nov/2025:10:06:41 +0200] "GET / HTTP/1.1" 200 226
::1 - - [12/Nov/2025:10:24:14 +0200] "GET / HTTP/1.1" 500 632
::1 - - [12/Nov/2025:10:26:53 +0200] "GET / HTTP/1.1" 200 23
::1 - - [12/Nov/2025:11:00:59 +0200] "GET / HTTP/1.1" 200 2956
::1 - - [12/Nov/2025:11:15:39 +0200] "GET / HTTP/1.1" 500 632
::1 - - [12/Nov/2025:11:16:54 +0200] "GET / HTTP/1.1" 200 3161
::1 - - [12/Nov/2025:11:18:02 +0200] "GET / HTTP/1.1" 200 3161
::1 - - [12/Nov/2025:11:22:11 +0200] "GET / HTTP/1.1" 200 3368
::1 - - [12/Nov/2025:11:22:50 +0200] "GET / HTTP/1.1" 200 4122
::1 - - [12/Nov/2025:11:23:47 +0200] "GET / HTTP/1.1" 200 3375
::1 - - [12/Nov/2025:11:25:53 +0200] "GET /123 HTTP/1.1" 404 296
::1 - - [12/Nov/2025:11:26:10 +0200] "GET / HTTP/1.1" 200 3334
::1 - - [12/Nov/2025:11:28:05 +0200] "GET / HTTP/1.1" 200 3419
::1 - - [12/Nov/2025:11:28:05 +0200] "GET /python.png HTTP/1.1" 200 185433
::1 - - [12/Nov/2025:11:33:05 +0200] "-" 408 -
::1 - - [13/Nov/2025:13:37:48 +0200] "GET / HTTP/1.1" 200 3378
::1 - - [13/Nov/2025:13:37:58 +0200] "GET /notes.txt HTTP/1.1" 200 4427
::1 - - [13/Nov/2025:13:37:58 +0200] "GET /favicon.ico HTTP/1.1" 404 296
::1 - - [13/Nov/2025:13:39:58 +0200] "GET / HTTP/1.1" 200 3378
::1 - - [13/Nov/2025:13:40:14 +0200] "GET /index.html HTTP/1.1" 200 226
::1 - - [13/Nov/2025:13:49:48 +0200] "GET /index.html HTTP/1.1" 200 4007
::1 - - [13/Nov/2025:13:51:29 +0200] "GET /index.html HTTP/1.1" 200 3924
::1 - - [13/Nov/2025:13:51:29 +0200] "GET /python.png HTTP/1.1" 200 3862
::1 - - [13/Nov/2025:13:51:40 +0200] "GET /index.html HTTP/1.1" 200 3892
::1 - - [13/Nov/2025:13:51:40 +0200] "GET /python.png HTTP/1.1" 200 3789
::1 - - [13/Nov/2025:13:52:28 +0200] "GET /ubhpunnmk HTTP/1.1" 200 3849
::1 - - [13/Nov/2025:13:52:29 +0200] "GET /python.png HTTP/1.1" 200 3788
::1 - - [13/Nov/2025:13:53:14 +0200] "GET /python.png HTTP/1.1" 200 3851
::1 - - [13/Nov/2025:13:53:15 +0200] "GET /python.png HTTP/1.1" 200 3789
::1 - - [13/Nov/2025:13:54:00 +0200] "GET /python.png HTTP/1.1" 200 3883
::1 - - [13/Nov/2025:13:54:00 +0200] "GET /python.png HTTP/1.1" 200 3780
::1 - - [13/Nov/2025:13:54:39 +0200] "GET /python.png?x=10&y=20 HTTP/1.1" 200 3872
::1 - - [13/Nov/2025:13:54:39 +0200] "GET /python.png HTTP/1.1" 200 3790
::1 - - [13/Nov/2025:14:00:21 +0200] "GET /python.png?x=10&y=20 HTTP/1.1" 200 565
::1 - - [13/Nov/2025:14:00:21 +0200] "GET /python.png HTTP/1.1" 200 545
::1 - - [13/Nov/2025:14:03:38 +0200] "GET /python.png?x=10&y=20 HTTP/1.1" 500 632
::1 - - [13/Nov/2025:14:03:39 +0200] "GET /favicon.ico HTTP/1.1" 500 632
::1 - - [13/Nov/2025:14:05:36 +0200] "GET /python.png?x=10&y=20 HTTP/1.1" 200 643
::1 - - [13/Nov/2025:14:05:36 +0200] "GET /python.png HTTP/1.1" 200 623
::1 - - [13/Nov/2025:14:06:05 +0200] "GET /python.png?x=10&y=20 HTTP/1.1" 200 1137
::1 - - [13/Nov/2025:14:06:06 +0200] "GET /python.png HTTP/1.1" 200 1029
::1 - - [13/Nov/2025:14:24:45 +0200] "GET /python.png?x=10&y=20 HTTP/1.1" 200 1137
::1 - - [13/Nov/2025:14:24:45 +0200] "GET /python.png HTTP/1.1" 200 1029
::1 - - [13/Nov/2025:14:31:43 +0200] "GET /python.png?x=10&y=20 HTTP/1.1" 200 1207
::1 - - [13/Nov/2025:14:31:43 +0200] "GET /python.png HTTP/1.1" 200 1065
::1 - - [13/Nov/2025:14:41:07 +0200] "GET /python.png?x=10&y=20 HTTP/1.1" 200 1207
::1 - - [13/Nov/2025:14:41:07 +0200] "GET /python.png HTTP/1.1" 200 1065
::1 - - [13/Nov/2025:14:41:15 +0200] "GET /python.png?x=10&y=20&json HTTP/1.1" 200 1203
::1 - - [13/Nov/2025:14:41:15 +0200] "GET /python.png HTTP/1.1" 200 1070
::1 - - [13/Nov/2025:14:41:32 +0200] "GET /python.png?x=10&y=20&json& HTTP/1.1" 200 1204
::1 - - [13/Nov/2025:14:41:32 +0200] "GET /python.png HTTP/1.1" 200 1071
::1 - - [13/Nov/2025:14:41:49 +0200] "GET /python.png?x=10&y=20&json HTTP/1.1" 200 1203
::1 - - [13/Nov/2025:14:41:49 +0200] "GET /python.png HTTP/1.1" 200 1070
::1 - - [13/Nov/2025:14:42:26 +0200] "GET /python.png?x=10&y==20&json HTTP/1.1" 500 632
::1 - - [13/Nov/2025:14:42:26 +0200] "GET /favicon.ico HTTP/1.1" 200 1072
::1 - - [13/Nov/2025:14:42:40 +0200] "GET /python.png?x=10&y==20&json HTTP/1.1" 200 1242
::1 - - [13/Nov/2025:14:42:41 +0200] "GET /python.png HTTP/1.1" 200 1071
::1 - - [13/Nov/2025:14:47:40 +0200] "GET /python.png?x=10&y==20&json HTTP/1.1" 200 1242
::1 - - [13/Nov/2025:14:47:40 +0200] "GET /python.png HTTP/1.1" 200 1071
::1 - - [13/Nov/2025:14:48:01 +0200] "GET /python.png?x=10&y==20&json HTTP/1.1" 403 -
::1 - - [13/Nov/2025:14:48:43 +0200] "GET /python.png?x=10&y==20&json HTTP/1.1" 200 1242
::1 - - [13/Nov/2025:14:48:43 +0200] "GET /python.png HTTP/1.1" 200 1071
::1 - - [13/Nov/2025:15:03:00 +0200] "GET /python.png?x=10&y==20&json HTTP/1.1" 200 1281
::1 - - [13/Nov/2025:15:03:01 +0200] "GET /Pyhton.png HTTP/1.1" 200 1110
::1 - - [13/Nov/2025:15:03:01 +0200] "GET /python.png HTTP/1.1" 200 1110
::1 - - [13/Nov/2025:15:10:54 +0200] "GET /python.png?x=10&y==20&json HTTP/1.1" 200 1324
::1 - - [13/Nov/2025:15:10:54 +0200] "GET /favicon.ico HTTP/1.1" 200 1111
::1 - - [13/Nov/2025:15:11:46 +0200] "GET /python.png?x=10&y==20&json HTTP/1.1" 200 1324
::1 - - [13/Nov/2025:15:11:46 +0200] "GET /favicon.ico HTTP/1.1" 200 1111
::1 - - [13/Nov/2025:15:11:55 +0200] "GET /?x=10&y==20&json HTTP/1.1" 200 1235
::1 - - [13/Nov/2025:15:11:55 +0200] "GET /Pyhton.png HTTP/1.1" 200 1100
::1 - - [13/Nov/2025:15:11:55 +0200] "GET /python.png HTTP/1.1" 200 1143
::1 - - [13/Nov/2025:15:14:42 +0200] "GET /?x=10&y==20&json HTTP/1.1" 200 1298
::1 - - [13/Nov/2025:15:14:42 +0200] "GET /Python.png HTTP/1.1" 200 1206
::1 - - [13/Nov/2025:15:14:42 +0200] "GET /python.png HTTP/1.1" 200 1206
::1 - - [13/Nov/2025:15:14:56 +0200] "GET /?x=10&y==20&json HTTP/1.1" 200 1235
::1 - - [13/Nov/2025:15:14:56 +0200] "GET /Python.png HTTP/1.1" 200 1143
::1 - - [13/Nov/2025:15:14:56 +0200] "GET /python.png HTTP/1.1" 200 1143
::1 - - [13/Nov/2025:15:17:11 +0200] "GET /Python.png HTTP/1.1" 200 -
::1 - - [13/Nov/2025:15:17:12 +0200] "GET /favicon.ico HTTP/1.1" 200 1195
::1 - - [13/Nov/2025:15:17:41 +0200] "GET /Python.png HTTP/1.1" 200 -
::1 - - [13/Nov/2025:15:17:41 +0200] "GET /favicon.ico HTTP/1.1" 200 1172
::1 - - [13/Nov/2025:15:17:51 +0200] "GET /Python.png HTTP/1.1" 200 -
::1 - - [13/Nov/2025:15:17:51 +0200] "GET /favicon.ico HTTP/1.1" 200 1172
::1 - - [13/Nov/2025:15:19:43 +0200] "GET /Python.png HTTP/1.1" 200 -
::1 - - [13/Nov/2025:15:19:43 +0200] "GET /favicon.ico HTTP/1.1" 200 1172
::1 - - [13/Nov/2025:15:21:19 +0200] "GET /Python.png HTTP/1.1" 200 -
::1 - - [13/Nov/2025:15:21:20 +0200] "GET /favicon.ico HTTP/1.1" 200 1172
::1 - - [13/Nov/2025:15:25:26 +0200] "GET /Python.png HTTP/1.1" 200 1169
::1 - - [13/Nov/2025:15:25:26 +0200] "GET /Python.png HTTP/1.1" 200 1071
::1 - - [13/Nov/2025:15:25:26 +0200] "GET /python.png HTTP/1.1" 200 1071
::1 - - [13/Nov/2025:15:26:04 +0200] "GET /User/Login/123 HTTP/1.1" 200 1137
::1 - - [13/Nov/2025:15:26:04 +0200] "GET /Python.png HTTP/1.1" 200 1075
::1 - - [13/Nov/2025:15:26:04 +0200] "GET /python.png HTTP/1.1" 200 1075
::1 - - [13/Nov/2025:15:26:16 +0200] "GET /User/Login/123?x=10 HTTP/1.1" 200 1164
::1 - - [13/Nov/2025:15:26:16 +0200] "GET /Python.png HTTP/1.1" 200 1080
::1 - - [13/Nov/2025:15:26:16 +0200] "GET /python.png HTTP/1.1" 200 1080
::1 - - [13/Nov/2025:15:30:57 +0200] "GET /User/Login/123?x=10 HTTP/1.1" 200 1257
::1 - - [13/Nov/2025:15:30:57 +0200] "GET /Python.png HTTP/1.1" 500 632
::1 - - [13/Nov/2025:15:30:57 +0200] "GET /python.png HTTP/1.1" 500 632
::1 - - [13/Nov/2025:15:31:24 +0200] "GET / HTTP/1.1" 500 632
::1 - - [13/Nov/2025:15:31:24 +0200] "GET /favicon.ico HTTP/1.1" 500 632
::1 - - [13/Nov/2025:15:33:34 +0200] "GET / HTTP/1.1" 200 1213
::1 - - [13/Nov/2025:15:33:34 +0200] "GET /Python.png HTTP/1.1" 200 1125
::1 - - [13/Nov/2025:15:33:35 +0200] "GET /python.png HTTP/1.1" 200 1125
::1 - - [13/Nov/2025:15:36:44 +0200] "GET / HTTP/1.1" 200 1217
::1 - - [13/Nov/2025:15:36:44 +0200] "GET /Python.png HTTP/1.1" 200 1125
::1 - - [13/Nov/2025:15:36:44 +0200] "GET /python.png HTTP/1.1" 200 1125
::1 - - [13/Nov/2025:15:37:06 +0200] "GET /user HTTP/1.1" 200 1185
::1 - - [13/Nov/2025:15:37:06 +0200] "GET /Python.png HTTP/1.1" 200 1129
::1 - - [13/Nov/2025:15:37:06 +0200] "GET /python.png HTTP/1.1" 200 1129
::1 - - [13/Nov/2025:15:37:18 +0200] "GET /user/ HTTP/1.1" 200 1186
::1 - - [13/Nov/2025:15:37:18 +0200] "GET /Python.png HTTP/1.1" 200 1130
::1 - - [13/Nov/2025:15:37:18 +0200] "GET /python.png HTTP/1.1" 200 1130
::1 - - [13/Nov/2025:15:37:43 +0200] "GET /user/act HTTP/1.1" 200 1187
::1 - - [13/Nov/2025:15:37:43 +0200] "GET /Python.png HTTP/1.1" 200 1133
::1 - - [13/Nov/2025:15:37:43 +0200] "GET /python.png HTTP/1.1" 200 1133
::1 - - [13/Nov/2025:15:37:51 +0200] "GET /user/act/ HTTP/1.1" 200 1188
::1 - - [13/Nov/2025:15:37:51 +0200] "GET /Python.png HTTP/1.1" 200 1134
::1 - - [13/Nov/2025:15:37:51 +0200] "GET /python.png HTTP/1.1" 200 1134
::1 - - [13/Nov/2025:15:38:04 +0200] "GET /user/act/123 HTTP/1.1" 200 1190
::1 - - [13/Nov/2025:15:38:04 +0200] "GET /Python.png HTTP/1.1" 200 1137
::1 - - [13/Nov/2025:15:38:04 +0200] "GET /python.png HTTP/1.1" 200 1137
::1 - - [13/Nov/2025:15:38:13 +0200] "GET /user/act/123/345 HTTP/1.1" 200 1198
::1 - - [13/Nov/2025:15:38:13 +0200] "GET /Python.png HTTP/1.1" 200 1141
::1 - - [13/Nov/2025:15:38:13 +0200] "GET /python.png HTTP/1.1" 200 1141
::1 - - [13/Nov/2025:15:39:35 +0200] "GET /// HTTP/1.1" 200 1183
::1 - - [13/Nov/2025:15:39:35 +0200] "GET /Python.png HTTP/1.1" 200 1127
::1 - - [13/Nov/2025:15:39:35 +0200] "GET /python.png HTTP/1.1" 200 1127
::1 - - [13/Nov/2025:15:58:37 +0200] "GET /// HTTP/1.1" 200 551236
::1 - - [13/Nov/2025:15:58:38 +0200] "GET /favicon.ico HTTP/1.1" 200 551236
::1 - - [13/Nov/2025:15:59:41 +0200] "GET /// HTTP/1.1" 200 1239
::1 - - [13/Nov/2025:15:59:41 +0200] "GET /Python.png HTTP/1.1" 200 512000
::1 - - [13/Nov/2025:15:59:41 +0200] "GET /python.png HTTP/1.1" 200 551236
::1 - - [13/Nov/2025:16:00:15 +0200] "GET /// HTTP/1.1" 200 1239
::1 - - [13/Nov/2025:16:00:16 +0200] "GET /Python.png HTTP/1.1" 200 551236
::1 - - [13/Nov/2025:16:00:16 +0200] "GET /python.png HTTP/1.1" 200 551236
::1 - - [13/Nov/2025:16:02:32 +0200] "GET /// HTTP/1.1" 200 1254
::1 - - [13/Nov/2025:16:02:32 +0200] "GET /Python.png HTTP/1.1" 200 551234
::1 - - [13/Nov/2025:16:02:32 +0200] "GET /python.png HTTP/1.1" 200 551234
::1 - - [13/Nov/2025:16:12:42 +0200] "GET /// HTTP/1.1" 200 1313
::1 - - [13/Nov/2025:16:12:42 +0200] "GET /Python.png HTTP/1.1" 200 551234
::1 - - [13/Nov/2025:16:12:42 +0200] "GET /python.png HTTP/1.1" 200 551234
::1 - - [19/Nov/2025:08:41:46 +0200] "GET /UU/login/123/456 HTTP/1.1" 200 1498
::1 - - [19/Nov/2025:08:41:46 +0200] "GET /Python.png HTTP/1.1" 200 528000
::1 - - [19/Nov/2025:08:41:46 +0200] "GET /python.png HTTP/1.1" 200 551234
::1 - - [19/Nov/2025:08:41:54 +0200] "GET / HTTP/1.1" 200 1275
::1 - - [19/Nov/2025:08:41:54 +0200] "GET /Python.png HTTP/1.1" 200 488000
::1 - - [19/Nov/2025:08:41:54 +0200] "GET /python.png HTTP/1.1" 200 551234
::1 - - [19/Nov/2025:08:59:38 +0200] "GET / HTTP/1.1" 200 1311
::1 - - [19/Nov/2025:08:59:39 +0200] "GET /Python.png HTTP/1.1" 200 185433
::1 - - [19/Nov/2025:08:59:39 +0200] "GET /python.png HTTP/1.1" 200 185433
::1 - - [19/Nov/2025:09:00:58 +0200] "GET / HTTP/1.1" 200 1338
::1 - - [19/Nov/2025:09:00:58 +0200] "GET /Python.png HTTP/1.1" 200 185433
::1 - - [19/Nov/2025:09:00:58 +0200] "GET /python.png HTTP/1.1" 200 185433
::1 - - [19/Nov/2025:09:29:07 +0200] "GET / HTTP/1.1" 200 1448
::1 - - [19/Nov/2025:09:29:07 +0200] "GET /img/Python.png HTTP/1.1" 200 186832
::1 - - [19/Nov/2025:09:29:07 +0200] "GET /img/m13.jpg HTTP/1.1" 200 7066
::1 - - [19/Nov/2025:09:29:07 +0200] "GET /css/site.css HTTP/1.1" 200 1395
::1 - - [19/Nov/2025:09:29:07 +0200] "GET /js/site.js HTTP/1.1" 200 1356
::1 - - [19/Nov/2025:09:29:08 +0200] "GET /img/python.png HTTP/1.1" 200 186832
::1 - - [19/Nov/2025:09:29:14 +0200] "GET /css/site.css HTTP/1.1" 200 1395
::1 - - [19/Nov/2025:09:29:32 +0200] "GET / HTTP/1.1" 200 1448
::1 - - [19/Nov/2025:09:29:32 +0200] "GET /js/site.js HTTP/1.1" 200 1356
::1 - - [19/Nov/2025:09:29:32 +0200] "GET /css/site.css HTTP/1.1" 200 1395
::1 - - [19/Nov/2025:09:29:32 +0200] "GET /img/m13.jpg HTTP/1.1" 200 7066
::1 - - [19/Nov/2025:09:29:32 +0200] "GET /img/Python.png HTTP/1.1" 200 186832
::1 - - [19/Nov/2025:09:29:32 +0200] "GET /img/python.png HTTP/1.1" 200 186832
::1 - - [19/Nov/2025:09:32:10 +0200] "GET / HTTP/1.1" 200 1448
::1 - - [19/Nov/2025:09:32:10 +0200] "GET /img/Python.png HTTP/1.1" 200 186832
::1 - - [19/Nov/2025:09:32:10 +0200] "GET /img/m13.jpg HTTP/1.1" 200 7066
::1 - - [19/Nov/2025:09:32:10 +0200] "GET /css/site.css HTTP/1.1" 200 1395
::1 - - [19/Nov/2025:09:32:10 +0200] "GET /js/site.js HTTP/1.1" 200 1356
::1 - - [19/Nov/2025:09:32:10 +0200] "GET /img/python.png HTTP/1.1" 200 186832
::1 - - [19/Nov/2025:09:32:25 +0200] "GET / HTTP/1.1" 200 1475
::1 - - [19/Nov/2025:09:32:25 +0200] "GET /img/Python.png HTTP/1.1" 200 186895
::1 - - [19/Nov/2025:09:32:25 +0200] "GET /css/site.css HTTP/1.1" 200 1458
::1 - - [19/Nov/2025:09:32:25 +0200] "GET /img/m13.jpg HTTP/1.1" 200 7129
::1 - - [19/Nov/2025:09:32:25 +0200] "GET /js/site.js HTTP/1.1" 200 1419
::1 - - [19/Nov/2025:09:32:25 +0200] "GET /img/python.png HTTP/1.1" 200 186895
::1 - - [19/Nov/2025:09:32:59 +0200] "GET / HTTP/1.1" 200 1448
::1 - - [19/Nov/2025:09:33:00 +0200] "GET /css/site.css HTTP/1.1" 200 1395
::1 - - [19/Nov/2025:09:33:00 +0200] "GET /img/m13.jpg HTTP/1.1" 200 7066
::1 - - [19/Nov/2025:09:33:00 +0200] "GET /img/Python.png HTTP/1.1" 200 186832
::1 - - [19/Nov/2025:09:33:00 +0200] "GET /js/site.js HTTP/1.1" 200 1356
::1 - - [19/Nov/2025:09:33:00 +0200] "GET /img/python.png HTTP/1.1" 200 186832
::1 - - [19/Nov/2025:09:33:49 +0200] "GET / HTTP/1.1" 200 1448
::1 - - [19/Nov/2025:09:33:49 +0200] "GET /img/m13.jpg HTTP/1.1" 200 7066
::1 - - [19/Nov/2025:09:33:49 +0200] "GET /img/Python.png HTTP/1.1" 200 186832
::1 - - [19/Nov/2025:09:33:49 +0200] "GET /css/site.css HTTP/1.1" 200 1395
::1 - - [19/Nov/2025:09:33:49 +0200] "GET /js/site.js HTTP/1.1" 200 1356
::1 - - [19/Nov/2025:09:33:50 +0200] "GET /img/python.png HTTP/1.1" 200 186832
::1 - - [19/Nov/2025:09:34:10 +0200] "GET / HTTP/1.1" 200 1475
::1 - - [19/Nov/2025:09:34:10 +0200] "GET /img/m13.jpg HTTP/1.1" 200 7129
::1 - - [19/Nov/2025:09:34:10 +0200] "GET /img/Python.png HTTP/1.1" 200 186895
::1 - - [19/Nov/2025:09:34:10 +0200] "GET /js/site.js HTTP/1.1" 200 1419
::1 - - [19/Nov/2025:09:34:10 +0200] "GET /css/site.css HTTP/1.1" 200 1458
::1 - - [19/Nov/2025:09:34:11 +0200] "GET /img/python.png HTTP/1.1" 200 186895
::1 - - [19/Nov/2025:09:35:42 +0200] "GET / HTTP/1.1" 200 1475
::1 - - [19/Nov/2025:09:35:42 +0200] "GET /js/site.js HTTP/1.1" 200 1419
::1 - - [19/Nov/2025:09:35:42 +0200] "GET /img/m13.jpg HTTP/1.1" 200 7129
::1 - - [19/Nov/2025:09:35:42 +0200] "GET /img/Python.png HTTP/1.1" 200 186895
::1 - - [19/Nov/2025:09:35:42 +0200] "GET /css/site.css HTTP/1.1" 200 1458
::1 - - [19/Nov/2025:09:35:42 +0200] "GET /img/python.png HTTP/1.1" 200 186895
::1 - - [19/Nov/2025:09:36:55 +0200] "GET / HTTP/1.1" 200 1475
::1 - - [19/Nov/2025:09:36:55 +0200] "GET /img/m13.jpg HTTP/1.1" 500 632
::1 - - [19/Nov/2025:09:36:55 +0200] "GET /css/site.css HTTP/1.1" 500 632
::1 - - [19/Nov/2025:09:36:55 +0200] "GET /js/site.js HTTP/1.1" 500 632
::1 - - [19/Nov/2025:09:36:55 +0200] "GET /img/Python.png HTTP/1.1" 200 185433
::1 - - [19/Nov/2025:09:36:55 +0200] "GET /img/python.png HTTP/1.1" 200 185433
::1 - - [19/Nov/2025:09:38:06 +0200] "GET / HTTP/1.1" 200 1475
::1 - - [19/Nov/2025:09:38:07 +0200] "GET /img/Python.png HTTP/1.1" 200 185433
::1 - - [19/Nov/2025:09:38:07 +0200] "GET /css/site.css HTTP/1.1" 200 46
::1 - - [19/Nov/2025:09:38:07 +0200] "GET /img/m13.jpg HTTP/1.1" 200 5673
::1 - - [19/Nov/2025:09:38:07 +0200] "GET /js/site.js HTTP/1.1" 200 28
::1 - - [19/Nov/2025:09:38:07 +0200] "GET /img/python.png HTTP/1.1" 200 185433
::1 - - [19/Nov/2025:09:46:12 +0200] "GET / HTTP/1.1" 200 1475
::1 - - [19/Nov/2025:09:46:13 +0200] "GET /css/site.css HTTP/1.1" 200 46
::1 - - [19/Nov/2025:09:46:13 +0200] "GET /js/site.js HTTP/1.1" 200 28
::1 - - [19/Nov/2025:09:46:13 +0200] "GET /img/Python.png HTTP/1.1" 200 185433
::1 - - [19/Nov/2025:09:46:13 +0200] "GET /img/m13.jpg HTTP/1.1" 200 5673
::1 - - [19/Nov/2025:09:46:13 +0200] "GET /img/python.png HTTP/1.1" 200 185433
::1 - - [19/Nov/2025:10:27:31 +0200] "GET / HTTP/1.1" 500 632
::1 - - [19/Nov/2025:10:27:32 +0200] "GET /favicon.ico HTTP/1.1" 200 1371
::1 - - [19/Nov/2025:10:29:36 +0200] "GET / HTTP/1.1" 500 632
::1 - - [19/Nov/2025:10:29:36 +0200] "GET /favicon.ico HTTP/1.1" 200 1371
::1 - - [19/Nov/2025:10:31:14 +0200] "GET / HTTP/1.1" 500 632
::1 - - [19/Nov/2025:10:31:14 +0200] "GET /favicon.ico HTTP/1.1" 200 1371
::1 - - [19/Nov/2025:10:34:22 +0200] "GET / HTTP/1.1" 500 632
::1 - - [19/Nov/2025:10:34:22 +0200] "GET /favicon.ico HTTP/1.1" 200 1371
::1 - - [19/Nov/2025:10:35:04 +0200] "GET / HTTP/1.1" 200 32
::1 - - [19/Nov/2025:10:35:04 +0200] "GET /favicon.ico HTTP/1.1" 200 1371
::1 - - [19/Nov/2025:10:49:57 +0200] "GET / HTTP/1.1" 500 632
::1 - - [19/Nov/2025:10:49:58 +0200] "GET /favicon.ico HTTP/1.1" 500 632
::1 - - [19/Nov/2025:10:50:47 +0200] "GET / HTTP/1.1" 200 1480
::1 - - [19/Nov/2025:10:50:47 +0200] "GET /css/site.css HTTP/1.1" 200 46
::1 - - [19/Nov/2025:10:50:47 +0200] "GET /img/Python.png HTTP/1.1" 200 185433
::1 - - [19/Nov/2025:10:50:47 +0200] "GET /img/m13.jpg HTTP/1.1" 200 5673
::1 - - [19/Nov/2025:10:50:47 +0200] "GET /js/site.js HTTP/1.1" 200 28
::1 - - [19/Nov/2025:10:50:48 +0200] "GET /img/python.png HTTP/1.1" 200 185433
::1 - - [19/Nov/2025:11:13:45 +0200] "GET / HTTP/1.1" 200 1480
::1 - - [19/Nov/2025:11:13:46 +0200] "GET /img/m13.jpg HTTP/1.1" 200 5673
::1 - - [19/Nov/2025:11:13:46 +0200] "GET /img/Python.png HTTP/1.1" 200 185433
::1 - - [19/Nov/2025:11:13:46 +0200] "GET /css/site.css HTTP/1.1" 200 46
::1 - - [19/Nov/2025:11:13:46 +0200] "GET /js/site.js HTTP/1.1" 200 28
::1 - - [19/Nov/2025:11:13:46 +0200] "GET /img/python.png HTTP/1.1" 200 185433
::1 - - [19/Nov/2025:11:21:49 +0200] "GET / HTTP/1.1" 200 1480
::1 - - [19/Nov/2025:11:21:49 +0200] "GET /img/m13.jpg HTTP/1.1" 200 5673
::1 - - [19/Nov/2025:11:21:49 +0200] "GET /css/site.css HTTP/1.1" 200 46
::1 - - [19/Nov/2025:11:21:49 +0200] "GET /img/Python.png HTTP/1.1" 200 185433
::1 - - [19/Nov/2025:11:21:49 +0200] "GET /js/site.js HTTP/1.1" 200 28
::1 - - [19/Nov/2025:11:21:49 +0200] "GET /img/python.png HTTP/1.1" 200 185433
::1 - - [19/Nov/2025:11:21:57 +0200] "GET /home/ HTTP/1.1" 200 1449
::1 - - [19/Nov/2025:11:21:57 +0200] "GET /img/m13.jpg HTTP/1.1" 200 5673
::1 - - [19/Nov/2025:11:21:57 +0200] "GET /img/Python.png HTTP/1.1" 200 185433
::1 - - [19/Nov/2025:11:21:57 +0200] "GET /js/site.js HTTP/1.1" 200 28
::1 - - [19/Nov/2025:11:21:57 +0200] "GET /css/site.css HTTP/1.1" 200 46
::1 - - [19/Nov/2025:11:22:08 +0200] "GET /user HTTP/1.1" 404 47
::1 - - [19/Nov/2025:11:22:08 +0200] "GET /favicon.ico HTTP/1.1" 404 39
::1 - - [19/Nov/2025:11:28:20 +0200] "GET /css/site.css HTTP/1.1" 200 46
::1 - - [19/Nov/2025:11:28:21 +0200] "GET /home/ HTTP/1.1" 200 1539
::1 - - [19/Nov/2025:11:28:21 +0200] "GET /img/m13.jpg HTTP/1.1" 200 5673
::1 - - [19/Nov/2025:11:28:21 +0200] "GET /img/Python.png HTTP/1.1" 200 185433
::1 - - [19/Nov/2025:11:28:21 +0200] "GET /js/site.js HTTP/1.1" 200 28
::1 - - [19/Nov/2025:11:28:21 +0200] "GET /css/site.css HTTP/1.1" 200 46
::1 - - [19/Nov/2025:11:28:21 +0200] "GET /img/python.png HTTP/1.1" 200 185433
::1 - - [19/Nov/2025:11:28:25 +0200] "GET /home/privacy HTTP/1.1" 200 1554
::1 - - [19/Nov/2025:11:28:25 +0200] "GET /js/site.js HTTP/1.1" 200 28
::1 - - [19/Nov/2025:11:28:25 +0200] "GET /img/Python.png HTTP/1.1" 200 185433
::1 - - [19/Nov/2025:11:28:25 +0200] "GET /img/m13.jpg HTTP/1.1" 200 5673
::1 - - [19/Nov/2025:11:28:25 +0200] "GET /css/site.css HTTP/1.1" 200 46
::1 - - [19/Nov/2025:11:33:14 +0200] "GET /home/privacy HTTP/1.1" 500 632
::1 - - [19/Nov/2025:11:33:56 +0200] "GET /home/privacy HTTP/1.1" 200 611
::1 - - [19/Nov/2025:11:33:56 +0200] "GET /css/site.css HTTP/1.1" 200 46
::1 - - [19/Nov/2025:11:33:56 +0200] "GET /img/python.png HTTP/1.1" 200 185433
::1 - - [19/Nov/2025:11:35:55 +0200] "GET /css/site.css HTTP/1.1" 200 46
::1 - - [26/Nov/2025:09:26:48 +0200] "GET / HTTP/1.1" 200 1498
::1 - - [26/Nov/2025:09:26:49 +0200] "GET /img/m13.jpg HTTP/1.1" 200 5673
::1 - - [26/Nov/2025:09:26:49 +0200] "GET /css/site.css HTTP/1.1" 200 46
::1 - - [26/Nov/2025:09:26:49 +0200] "GET /img/Python.png HTTP/1.1" 200 185433
::1 - - [26/Nov/2025:09:26:49 +0200] "GET /js/site.js HTTP/1.1" 200 28
::1 - - [26/Nov/2025:09:26:59 +0200] "GET /user HTTP/1.1" 200 98
::1 - - [26/Nov/2025:09:26:59 +0200] "GET /favicon.ico HTTP/1.1" 404 39
::1 - - [26/Nov/2025:09:27:08 +0200] "GET /user HTTP/1.1" 200 98
::1 - - [26/Nov/2025:09:29:01 +0200] "GET /user HTTP/1.1" 200 63
::1 - - [26/Nov/2025:09:32:24 +0200] "GET /user HTTP/1.1" 200 70
::1 - - [26/Nov/2025:09:35:43 +0200] "GET /user HTTP/1.1" 200 70
::1 - - [26/Nov/2025:10:04:07 +0200] "GET /usertest HTTP/1.1" 500 632
::1 - - [26/Nov/2025:10:05:58 +0200] "GET /usertest HTTP/1.1" 500 632
::1 - - [26/Nov/2025:10:08:07 +0200] "GET /usertest HTTP/1.1" 500 632
::1 - - [26/Nov/2025:10:09:05 +0200] "GET /usertest HTTP/1.1" 500 632
::1 - - [26/Nov/2025:10:10:03 +0200] "GET /usertest HTTP/1.1" 200 12
::1 - - [26/Nov/2025:10:22:00 +0200] "GET /usertest HTTP/1.1" 500 632
::1 - - [26/Nov/2025:10:22:59 +0200] "GET /usertest HTTP/1.1" 500 632
::1 - - [26/Nov/2025:10:23:31 +0200] "GET /usertest HTTP/1.1" 500 632
::1 - - [26/Nov/2025:10:24:25 +0200] "GET /usertest HTTP/1.1" 200 10
::1 - - [26/Nov/2025:10:26:01 +0200] "GET /usertest HTTP/1.1" 200 254
::1 - - [26/Nov/2025:10:31:14 +0200] "GET / HTTP/1.1" 200 1626
::1 - - [26/Nov/2025:10:31:14 +0200] "GET /js/site.js HTTP/1.1" 200 28
::1 - - [26/Nov/2025:10:31:14 +0200] "GET /img/m13.jpg HTTP/1.1" 200 5673
::1 - - [26/Nov/2025:10:31:14 +0200] "GET /img/Python.png HTTP/1.1" 200 185433
::1 - - [26/Nov/2025:10:31:14 +0200] "GET /css/site.css HTTP/1.1" 200 46
::1 - - [26/Nov/2025:10:32:37 +0200] "GET / HTTP/1.1" 200 1655
::1 - - [26/Nov/2025:10:32:37 +0200] "GET /js/site.js HTTP/1.1" 200 28
::1 - - [26/Nov/2025:10:32:37 +0200] "GET /img/Python.png HTTP/1.1" 200 185433
::1 - - [26/Nov/2025:10:32:37 +0200] "GET /css/site.css HTTP/1.1" 200 46
::1 - - [26/Nov/2025:10:32:37 +0200] "GET /img/m13.jpg HTTP/1.1" 200 5673
::1 - - [26/Nov/2025:10:32:38 +0200] "GET /img/python.png HTTP/1.1" 200 185433
::1 - - [26/Nov/2025:10:44:01 +0200] "GET /user HTTP/1.1" 200 68
::1 - - [26/Nov/2025:10:44:03 +0200] "GET /usertest HTTP/1.1" 200 427
::1 - - [26/Nov/2025:10:44:03 +0200] "GET /css/site.css HTTP/1.1" 200 46
::1 - - [26/Nov/2025:10:44:03 +0200] "GET /js/site.js HTTP/1.1" 200 28
::1 - - [26/Nov/2025:10:44:24 +0200] "GET /css/site.css HTTP/1.1" 200 46
::1 - - [26/Nov/2025:11:08:04 +0200] "GET /usertest HTTP/1.1" 200 743
::1 - - [26/Nov/2025:11:08:04 +0200] "GET /css/site.css HTTP/1.1" 200 46
::1 - - [26/Nov/2025:11:08:04 +0200] "GET /js/site.js HTTP/1.1" 200 835
::1 - - [26/Nov/2025:11:08:04 +0200] "GET /img/python.png HTTP/1.1" 200 185433
::1 - - [26/Nov/2025:11:14:02 +0200] "GET /usertest HTTP/1.1" 200 888
::1 - - [26/Nov/2025:11:14:02 +0200] "GET /js/site.js HTTP/1.1" 200 835
::1 - - [26/Nov/2025:11:14:02 +0200] "GET /css/site.css HTTP/1.1" 200 46
::1 - - [26/Nov/2025:11:14:02 +0200] "GET /img/python.png HTTP/1.1" 200 185433
::1 - - [03/Dec/2025:09:24:06 +0200] "GET / HTTP/1.1" 200 1619
::1 - - [03/Dec/2025:09:24:06 +0200] "GET /css/site.css HTTP/1.1" 200 46
::1 - - [03/Dec/2025:09:24:06 +0200] "GET /img/Python.png HTTP/1.1" 200 185433
::1 - - [03/Dec/2025:09:24:06 +0200] "GET /img/m13.jpg HTTP/1.1" 200 5673
::1 - - [03/Dec/2025:09:24:06 +0200] "GET /js/site.js HTTP/1.1" 200 1440
::1 - - [03/Dec/2025:09:32:40 +0200] "GET / HTTP/1.1" 200 888
::1 - - [03/Dec/2025:09:32:40 +0200] "GET /js/site.js HTTP/1.1" 200 1440
::1 - - [03/Dec/2025:09:32:40 +0200] "GET /css/site.css HTTP/1.1" 200 46
::1 - - [03/Dec/2025:09:32:40 +0200] "GET /img/python.png HTTP/1.1" 200 185433
::1 - - [03/Dec/2025:09:33:03 +0200] "GET / HTTP/1.1" 200 1570
::1 - - [03/Dec/2025:09:33:04 +0200] "GET /css/site.css HTTP/1.1" 200 46
::1 - - [03/Dec/2025:09:33:03 +0200] "GET /img/Python.png HTTP/1.1" 200 185433
::1 - - [03/Dec/2025:09:33:03 +0200] "GET /js/site.js HTTP/1.1" 200 1440
::1 - - [03/Dec/2025:09:33:03 +0200] "GET /img/m13.jpg HTTP/1.1" 200 5673
::1 - - [03/Dec/2025:09:33:04 +0200] "GET /img/python.png HTTP/1.1" 200 185433
::1 - - [03/Dec/2025:09:33:08 +0200] "GET /usertest HTTP/1.1" 200 888
::1 - - [03/Dec/2025:09:33:08 +0200] "GET /js/site.js HTTP/1.1" 200 1440
::1 - - [03/Dec/2025:09:33:08 +0200] "GET /css/site.css HTTP/1.1" 200 46
::1 - - [03/Dec/2025:09:40:55 +0200] "GET /usertest HTTP/1.1" 200 888
::1 - - [03/Dec/2025:09:40:55 +0200] "GET /css/site.css HTTP/1.1" 200 46
::1 - - [03/Dec/2025:09:40:55 +0200] "GET /js/site.js HTTP/1.1" 200 1744
::1 - - [03/Dec/2025:09:40:58 +0200] "GET /usertest HTTP/1.1" 200 888
::1 - - [03/Dec/2025:09:40:58 +0200] "GET /js/site.js HTTP/1.1" 200 1744
::1 - - [03/Dec/2025:09:40:58 +0200] "GET /css/site.css HTTP/1.1" 200 46
::1 - - [03/Dec/2025:09:40:58 +0200] "GET /img/python.png HTTP/1.1" 200 185433
::1 - - [03/Dec/2025:09:41:01 +0200] "GET /css/site.css HTTP/1.1" 200 46
::1 - - [03/Dec/2025:09:41:12 +0200] "GET /user HTTP/1.1" 200 68
::1 - - [03/Dec/2025:09:42:03 +0200] "POST /user HTTP/1.1" 200 69
::1 - - [03/Dec/2025:10:09:33 +0200] "GET /usertest1 HTTP/1.1" 404 86
::1 - - [03/Dec/2025:10:09:34 +0200] "GET /favicon.ico HTTP/1.1" 404 88
::1 - - [03/Dec/2025:10:09:51 +0200] "GET /usertest HTTP/1.1" 200 888
::1 - - [03/Dec/2025:10:09:51 +0200] "GET /css/site.css HTTP/1.1" 200 46
::1 - - [03/Dec/2025:10:09:51 +0200] "GET /js/site.js HTTP/1.1" 200 1744
::1 - - [03/Dec/2025:10:09:55 +0200] "GET /user HTTP/1.1" 200 68
::1 - - [03/Dec/2025:10:09:56 +0200] "POST /user HTTP/1.1" 200 141
::1 - - [03/Dec/2025:10:23:03 +0200] "GET /usertest1 HTTP/1.1" 404 51
::1 - - [03/Dec/2025:10:23:18 +0200] "GET /user HTTP/1.1" 200 68
::1 - - [03/Dec/2025:10:23:19 +0200] "POST /user HTTP/1.1" 200 139
::1 - - [03/Dec/2025:10:29:52 +0200] "POST /user HTTP/1.1" 200 519
::1 - - [03/Dec/2025:10:33:10 +0200] "POST /user HTTP/1.1" 200 519
::1 - - [03/Dec/2025:10:33:12 +0200] "GET /usertest HTTP/1.1" 200 888
::1 - - [03/Dec/2025:10:33:12 +0200] "GET /css/site.css HTTP/1.1" 200 46
::1 - - [03/Dec/2025:10:33:12 +0200] "GET /js/site.js HTTP/1.1" 200 1930
::1 - - [03/Dec/2025:10:33:12 +0200] "GET /img/python.png HTTP/1.1" 200 185433
::1 - - [03/Dec/2025:10:33:13 +0200] "POST /user HTTP/1.1" 200 519
::1 - - [03/Dec/2025:10:33:56 +0200] "GET /usertest HTTP/1.1" 200 888
::1 - - [03/Dec/2025:10:33:56 +0200] "GET /css/site.css HTTP/1.1" 200 46
::1 - - [03/Dec/2025:10:33:56 +0200] "GET /js/site.js HTTP/1.1" 200 1947
::1 - - [03/Dec/2025:10:33:56 +0200] "GET /img/python.png HTTP/1.1" 200 185433
::1 - - [03/Dec/2025:10:33:57 +0200] "POST /user HTTP/1.1" 200 519
::1 - - [03/Dec/2025:10:34:04 +0200] "GET /usertest HTTP/1.1" 200 888
::1 - - [03/Dec/2025:10:34:04 +0200] "GET /css/site.css HTTP/1.1" 200 46
::1 - - [03/Dec/2025:10:34:04 +0200] "GET /js/site.js HTTP/1.1" 200 1947
::1 - - [03/Dec/2025:10:34:04 +0200] "GET /img/python.png HTTP/1.1" 200 185433
::1 - - [03/Dec/2025:10:34:05 +0200] "POST /user HTTP/1.1" 200 519
::1 - - [03/Dec/2025:10:35:13 +0200] "GET /usertest HTTP/1.1" 200 888
::1 - - [03/Dec/2025:10:35:14 +0200] "GET /css/site.css HTTP/1.1" 200 46
::1 - - [03/Dec/2025:10:35:14 +0200] "GET /js/site.js HTTP/1.1" 200 1931
::1 - - [03/Dec/2025:10:35:14 +0200] "GET /img/python.png HTTP/1.1" 200 185433
::1 - - [03/Dec/2025:10:35:14 +0200] "POST /user HTTP/1.1" 200 519
::1 - - [03/Dec/2025:10:36:00 +0200] "GET /usertest HTTP/1.1" 200 888
::1 - - [03/Dec/2025:10:36:00 +0200] "GET /css/site.css HTTP/1.1" 200 46
::1 - - [03/Dec/2025:10:36:00 +0200] "GET /js/site.js HTTP/1.1" 200 1960
::1 - - [03/Dec/2025:10:36:00 +0200] "GET /img/python.png HTTP/1.1" 200 185433
::1 - - [03/Dec/2025:10:36:01 +0200] "POST /user HTTP/1.1" 200 519
::1 - - [03/Dec/2025:10:36:22 +0200] "GET /usertest HTTP/1.1" 200 888
::1 - - [03/Dec/2025:10:36:22 +0200] "GET /css/site.css HTTP/1.1" 200 46
::1 - - [03/Dec/2025:10:36:22 +0200] "GET /js/site.js HTTP/1.1" 200 1958
::1 - - [03/Dec/2025:10:36:22 +0200] "GET /img/python.png HTTP/1.1" 200 185433
::1 - - [03/Dec/2025:10:36:23 +0200] "POST /user HTTP/1.1" 200 519
::1 - - [03/Dec/2025:10:36:57 +0200] "GET /usertest HTTP/1.1" 200 888
::1 - - [03/Dec/2025:10:36:57 +0200] "GET /css/site.css HTTP/1.1" 200 46
::1 - - [03/Dec/2025:10:36:57 +0200] "GET /js/site.js HTTP/1.1" 200 1945
::1 - - [03/Dec/2025:10:36:58 +0200] "GET /img/python.png HTTP/1.1" 200 185433
::1 - - [03/Dec/2025:10:36:58 +0200] "POST /user HTTP/1.1" 200 519
::1 - - [03/Dec/2025:10:38:51 +0200] "GET /user HTTP/1.1" 200 489
::1 - - [03/Dec/2025:10:53:27 +0200] "GET /usertest HTTP/1.1" 200 888
::1 - - [03/Dec/2025:10:53:27 +0200] "GET /js/site.js HTTP/1.1" 200 1945
::1 - - [03/Dec/2025:10:53:27 +0200] "GET /css/site.css HTTP/1.1" 200 46
::1 - - [03/Dec/2025:10:53:27 +0200] "GET /img/python.png HTTP/1.1" 200 185433
::1 - - [03/Dec/2025:10:53:34 +0200] "GET /user HTTP/1.1" 200 519
::1 - - [03/Dec/2025:10:53:36 +0200] "POST /user HTTP/1.1" 200 549
::1 - - [10/Dec/2025:08:55:14 +0200] "GET / HTTP/1.1" 200 1534
::1 - - [10/Dec/2025:08:55:14 +0200] "GET /img/m13.jpg HTTP/1.1" 200 5673
::1 - - [10/Dec/2025:08:55:14 +0200] "GET /img/Python.png HTTP/1.1" 200 185433
::1 - - [10/Dec/2025:08:55:14 +0200] "GET /css/site.css HTTP/1.1" 200 46
::1 - - [10/Dec/2025:08:55:14 +0200] "GET /js/site.js HTTP/1.1" 200 2023
::1 - - [10/Dec/2025:08:55:19 +0200] "GET /usertest HTTP/1.1" 200 888
::1 - - [10/Dec/2025:08:55:19 +0200] "GET /js/site.js HTTP/1.1" 200 2023
::1 - - [10/Dec/2025:08:55:19 +0200] "GET /css/site.css HTTP/1.1" 200 46
::1 - - [10/Dec/2025:08:55:25 +0200] "GET /user HTTP/1.1" 200 544
::1 - - [10/Dec/2025:08:57:12 +0200] "POST /user HTTP/1.1" 200 574
::1 - - [10/Dec/2025:10:50:39 +0200] "GET /css/site.css HTTP/1.1" 200 46
::1 - - [10/Dec/2025:10:50:41 +0200] "GET /user HTTP/1.1" 200 544
::1 - - [10/Dec/2025:11:01:00 +0200] "GET /user HTTP/1.1" 500 115
::1 - - [10/Dec/2025:11:02:53 +0200] "GET /user HTTP/1.1" 200 542
::1 - - [10/Dec/2025:11:03:48 +0200] "GET /user HTTP/1.1" 200 149
::1 - - [10/Dec/2025:11:07:58 +0200] "GET /user HTTP/1.1" 200 73
::1 - - [10/Dec/2025:11:18:26 +0200] "GET /user HTTP/1.1" 200 887
::1 - - [17/Dec/2025:09:02:38 +0200] "GET / HTTP/1.1" 200 1534
::1 - - [17/Dec/2025:09:02:39 +0200] "GET /img/m13.jpg HTTP/1.1" 200 5673
::1 - - [17/Dec/2025:09:02:39 +0200] "GET /css/site.css HTTP/1.1" 200 46
::1 - - [17/Dec/2025:09:02:39 +0200] "GET /img/Python.png HTTP/1.1" 200 185433
::1 - - [17/Dec/2025:09:02:39 +0200] "GET /js/site.js HTTP/1.1" 200 2023
::1 - - [17/Dec/2025:09:02:39 +0200] "GET /img/python.png HTTP/1.1" 200 185433
::1 - - [17/Dec/2025:09:02:49 +0200] "GET /css/site.css HTTP/1.1" 200 46
::1 - - [17/Dec/2025:09:17:31 +0200] "GET /usertest HTTP/1.1" 200 888
::1 - - [17/Dec/2025:09:17:31 +0200] "GET /js/site.js HTTP/1.1" 200 2023
::1 - - [17/Dec/2025:09:17:31 +0200] "GET /css/site.css HTTP/1.1" 200 46
::1 - - [17/Dec/2025:09:17:33 +0200] "GET /user HTTP/1.1" 200 887
::1 - - [17/Dec/2025:09:36:12 +0200] "GET /user HTTP/1.1" 404 46
::1 - - [17/Dec/2025:09:37:32 +0200] "GET /user HTTP/1.1" 404 80
::1 - - [17/Dec/2025:09:38:15 +0200] "GET /user HTTP/1.1" 200 887
::1 - - [17/Dec/2025:09:43:46 +0200] "GET /user HTTP/1.1" 500 97
::1 - - [17/Dec/2025:09:45:35 +0200] "GET /user HTTP/1.1" 500 71
::1 - - [17/Dec/2025:09:47:40 +0200] "GET /user HTTP/1.1" 200 887
::1 - - [17/Dec/2025:09:53:16 +0200] "POST /user HTTP/1.1" 200 918
::1 - - [17/Dec/2025:09:56:11 +0200] "GET /usertest HTTP/1.1" 200 888
::1 - - [17/Dec/2025:09:56:11 +0200] "GET /css/site.css HTTP/1.1" 200 46
::1 - - [17/Dec/2025:09:56:11 +0200] "GET /js/site.js HTTP/1.1" 200 2023
::1 - - [17/Dec/2025:09:56:11 +0200] "GET /img/python.png HTTP/1.1" 200 185433
::1 - - [17/Dec/2025:09:56:13 +0200] "GET /user HTTP/1.1" 200 887
::1 - - [17/Dec/2025:09:56:29 +0200] "POST /user HTTP/1.1" 200 918
::1 - - [17/Dec/2025:10:01:56 +0200] "GET /usertest HTTP/1.1" 200 1039
::1 - - [17/Dec/2025:10:01:56 +0200] "GET /css/site.css HTTP/1.1" 200 46
::1 - - [17/Dec/2025:10:01:56 +0200] "GET /js/site.js HTTP/1.1" 200 2035
::1 - - [17/Dec/2025:10:01:57 +0200] "GET /img/python.png HTTP/1.1" 200 185433
::1 - - [17/Dec/2025:10:02:04 +0200] "GET /discount HTTP/1.1" 200 899
::1 - - [17/Dec/2025:10:09:06 +0200] "GET /user HTTP/1.1" 500 102
::1 - - [17/Dec/2025:10:10:13 +0200] "GET /user HTTP/1.1" 200 887
::1 - - [17/Dec/2025:10:10:21 +0200] "GET /usertest HTTP/1.1" 200 1057
::1 - - [17/Dec/2025:10:10:21 +0200] "GET /js/site.js HTTP/1.1" 200 2035
::1 - - [17/Dec/2025:10:10:21 +0200] "GET /css/site.css HTTP/1.1" 200 46
::1 - - [17/Dec/2025:10:10:21 +0200] "GET /img/python.png HTTP/1.1" 200 185433
::1 - - [17/Dec/2025:10:10:22 +0200] "POST /user HTTP/1.1" 200 918
::1 - - [17/Dec/2025:10:10:30 +0200] "GET /usertest HTTP/1.1" 200 1057
::1 - - [17/Dec/2025:10:10:30 +0200] "GET /js/site.js HTTP/1.1" 200 2035
::1 - - [17/Dec/2025:10:10:30 +0200] "GET /css/site.css HTTP/1.1" 200 46
::1 - - [17/Dec/2025:10:10:30 +0200] "GET /img/python.png HTTP/1.1" 200 185433
::1 - - [17/Dec/2025:10:10:31 +0200] "GET /discount HTTP/1.1" 200 861
::1 - - [17/Dec/2025:10:55:05 +0200] "GET /usertest HTTP/1.1" 200 1057
::1 - - [17/Dec/2025:10:55:05 +0200] "GET /js/site.js HTTP/1.1" 200 2035
::1 - - [17/Dec/2025:10:55:05 +0200] "GET /css/site.css HTTP/1.1" 200 46
::1 - - [17/Dec/2025:10:55:05 +0200] "GET /img/python.png HTTP/1.1" 200 185433
::1 - - [17/Dec/2025:10:55:06 +0200] "GET /user HTTP/1.1" 200 392
::1 - - [17/Dec/2025:11:00:26 +0200] "GET /usertest HTTP/1.1" 200 1057
::1 - - [17/Dec/2025:11:00:26 +0200] "GET /css/site.css HTTP/1.1" 200 46
::1 - - [17/Dec/2025:11:00:26 +0200] "GET /js/site.js HTTP/1.1" 200 2108
::1 - - [17/Dec/2025:11:00:26 +0200] "GET /img/python.png HTTP/1.1" 200 185433
::1 - - [17/Dec/2025:11:00:28 +0200] "GET /user HTTP/1.1" 200 136
::1 - - [17/Dec/2025:11:03:46 +0200] "GET /user HTTP/1.1" 200 414
::1 - - [17/Dec/2025:11:14:01 +0200] "GET /user HTTP/1.1" 200 415
::1 - - [17/Dec/2025:11:18:30 +0200] "GET /usertest HTTP/1.1" 200 1057
::1 - - [17/Dec/2025:11:18:30 +0200] "GET /css/site.css HTTP/1.1" 200 46
::1 - - [17/Dec/2025:11:18:30 +0200] "GET /js/site.js HTTP/1.1" 200 2110
::1 - - [17/Dec/2025:11:18:30 +0200] "GET /img/python.png HTTP/1.1" 200 185433
::1 - - [17/Dec/2025:11:18:32 +0200] "GET /user HTTP/1.1" 200 392
::1 - - [17/Dec/2025:11:31:27 +0200] "GET /user HTTP/1.1" 200 433
::1 - - [17/Dec/2025:11:31:52 +0200] "GET /user HTTP/1.1" 200 433
::1 - - [17/Dec/2025:11:33:42 +0200] "GET /user HTTP/1.1" 200 433
::1 - - [17/Dec/2025:11:33:55 +0200] "GET /usertest HTTP/1.1" 200 1057
::1 - - [17/Dec/2025:11:33:55 +0200] "GET /css/site.css HTTP/1.1" 200 46
::1 - - [17/Dec/2025:11:33:55 +0200] "GET /js/site.js HTTP/1.1" 200 2109
::1 - - [17/Dec/2025:11:33:56 +0200] "GET /img/python.png HTTP/1.1" 200 185433
::1 - - [17/Dec/2025:11:33:57 +0200] "GET /user HTTP/1.1" 200 392
::1 - - [17/Dec/2025:11:34:15 +0200] "GET /usertest HTTP/1.1" 200 1057
::1 - - [17/Dec/2025:11:34:16 +0200] "GET /js/site.js HTTP/1.1" 200 2110
::1 - - [17/Dec/2025:11:34:16 +0200] "GET /css/site.css HTTP/1.1" 200 46
::1 - - [17/Dec/2025:11:34:16 +0200] "GET /img/python.png HTTP/1.1" 200 185433
::1 - - [17/Dec/2025:11:34:17 +0200] "GET /user HTTP/1.1" 200 433
::1 - - [22/Dec/2025:14:15:25 +0200] "GET / HTTP/1.1" 200 1534
::1 - - [22/Dec/2025:14:15:25 +0200] "GET /img/Python.png HTTP/1.1" 200 185433
::1 - - [22/Dec/2025:14:15:26 +0200] "GET /css/site.css HTTP/1.1" 200 46
::1 - - [22/Dec/2025:14:15:26 +0200] "GET /img/m13.jpg HTTP/1.1" 200 5673
::1 - - [22/Dec/2025:14:15:26 +0200] "GET /js/site.js HTTP/1.1" 200 2110
::1 - - [22/Dec/2025:14:15:29 +0200] "GET /css/site.css HTTP/1.1" 200 46
::1 - - [22/Dec/2025:14:15:32 +0200] "GET /usertest HTTP/1.1" 200 1057
::1 - - [22/Dec/2025:14:15:32 +0200] "GET /js/site.js HTTP/1.1" 200 2110
::1 - - [22/Dec/2025:14:15:32 +0200] "GET /css/site.css HTTP/1.1" 200 46
::1 - - [22/Dec/2025:14:15:35 +0200] "GET /user HTTP/1.1" 200 433
::1 - - [22/Dec/2025:14:18:11 +0200] "GET /usertest HTTP/1.1" 200 1057
::1 - - [22/Dec/2025:14:18:12 +0200] "GET /css/site.css HTTP/1.1" 200 46
::1 - - [22/Dec/2025:14:18:12 +0200] "GET /js/site.js HTTP/1.1" 200 2097
::1 - - [22/Dec/2025:14:18:12 +0200] "GET /img/python.png HTTP/1.1" 200 185433
::1 - - [22/Dec/2025:14:18:16 +0200] "GET /user HTTP/1.1" 200 124
::1 - - [22/Dec/2025:14:20:53 +0200] "GET /user HTTP/1.1" 200 417
::1 - - [22/Dec/2025:14:28:40 +0200] "GET /user HTTP/1.1" 200 524
::1 - - [22/Dec/2025:15:26:17 +0200] "GET /user HTTP/1.1" 500 52
::1 - - [22/Dec/2025:15:28:24 +0200] "GET /user HTTP/1.1" 500 103
::1 - - [22/Dec/2025:15:29:29 +0200] "GET /user HTTP/1.1" 200 673
::1 - - [22/Dec/2025:15:30:38 +0200] "GET /user HTTP/1.1" 200 673
::1 - - [22/Dec/2025:15:53:39 +0200] "GET /usertest HTTP/1.1" 200 1107
::1 - - [22/Dec/2025:15:53:39 +0200] "GET /css/site.css HTTP/1.1" 200 46
::1 - - [22/Dec/2025:15:53:39 +0200] "GET /js/site.js HTTP/1.1" 200 3312
::1 - - [22/Dec/2025:15:53:39 +0200] "GET /img/python.png HTTP/1.1" 200 185433
::1 - - [22/Dec/2025:15:53:44 +0200] "GET /user HTTP/1.1" 200 673
::1 - - [23/Dec/2025:13:28:38 +0200] "GET /css/site.css HTTP/1.1" 200 46
::1 - - [23/Dec/2025:13:28:38 +0200] "GET /usertest HTTP/1.1" 200 1107
::1 - - [23/Dec/2025:13:28:40 +0200] "GET /usertest HTTP/1.1" 200 1107
::1 - - [23/Dec/2025:13:28:40 +0200] "GET /css/site.css HTTP/1.1" 200 46
::1 - - [23/Dec/2025:13:28:40 +0200] "GET /js/site.js HTTP/1.1" 200 3265
::1 - - [23/Dec/2025:13:28:40 +0200] "GET /img/python.png HTTP/1.1" 200 185433
::1 - - [23/Dec/2025:13:44:18 +0200] "GET /usertest HTTP/1.1" 200 1107
::1 - - [23/Dec/2025:13:44:19 +0200] "GET /css/site.css HTTP/1.1" 200 46
::1 - - [23/Dec/2025:13:44:19 +0200] "GET /js/site.js HTTP/1.1" 200 3459
::1 - - [23/Dec/2025:13:44:19 +0200] "GET /img/python.png HTTP/1.1" 200 185433
::1 - - [23/Dec/2025:13:44:36 +0200] "GET /user HTTP/1.1" 200 399
::1 - - [23/Dec/2025:13:46:00 +0200] "GET /usertest HTTP/1.1" 200 1107
::1 - - [23/Dec/2025:13:46:00 +0200] "GET /css/site.css HTTP/1.1" 200 46
::1 - - [23/Dec/2025:13:46:00 +0200] "GET /js/site.js HTTP/1.1" 200 3480
::1 - - [23/Dec/2025:13:46:00 +0200] "GET /img/python.png HTTP/1.1" 200 185433
::1 - - [23/Dec/2025:13:46:04 +0200] "GET /user HTTP/1.1" 200 673
::1 - - [23/Dec/2025:13:46:23 +0200] "GET /discount HTTP/1.1" 200 1198
::1 - - [23/Dec/2025:13:50:09 +0200] "GET /usertest HTTP/1.1" 200 1107
::1 - - [23/Dec/2025:13:50:09 +0200] "GET /css/site.css HTTP/1.1" 200 46
::1 - - [23/Dec/2025:13:50:09 +0200] "GET /js/site.js HTTP/1.1" 200 3581
::1 - - [23/Dec/2025:13:50:10 +0200] "GET /img/python.png HTTP/1.1" 200 185433
::1 - - [23/Dec/2025:13:50:12 +0200] "GET /user HTTP/1.1" 200 672
::1 - - [23/Dec/2025:13:50:17 +0200] "GET /discount HTTP/1.1" 200 1198
::1 - - [23/Dec/2025:13:51:02 +0200] "GET /usertest HTTP/1.1" 200 1107
::1 - - [23/Dec/2025:13:51:02 +0200] "GET /css/site.css HTTP/1.1" 200 46
::1 - - [23/Dec/2025:13:51:02 +0200] "GET /js/site.js HTTP/1.1" 200 3585
::1 - - [23/Dec/2025:13:51:02 +0200] "GET /img/python.png HTTP/1.1" 200 185433
::1 - - [23/Dec/2025:13:51:03 +0200] "GET /user HTTP/1.1" 200 672
::1 - - [23/Dec/2025:13:51:07 +0200] "GET /discount HTTP/1.1" 200 1198
::1 - - [23/Dec/2025:13:56:06 +0200] "GET /usertest HTTP/1.1" 200 1107
::1 - - [23/Dec/2025:13:56:06 +0200] "GET /js/site.js HTTP/1.1" 200 3585
::1 - - [23/Dec/2025:13:56:06 +0200] "GET /css/site.css HTTP/1.1" 200 46
::1 - - [23/Dec/2025:13:56:06 +0200] "GET /img/python.png HTTP/1.1" 200 185433
::1 - - [23/Dec/2025:13:56:09 +0200] "GET /discount HTTP/1.1" 200 412
::1 - - [23/Dec/2025:13:57:43 +0200] "GET /user HTTP/1.1" 200 672
::1 - - [23/Dec/2025:13:57:47 +0200] "GET /discount HTTP/1.1" 200 1198
::1 - - [23/Dec/2025:14:05:03 +0200] "GET /usertest HTTP/1.1" 200 1107
::1 - - [23/Dec/2025:14:05:03 +0200] "GET /css/site.css HTTP/1.1" 200 46
::1 - - [23/Dec/2025:14:05:03 +0200] "GET /js/site.js HTTP/1.1" 200 3584
::1 - - [23/Dec/2025:14:05:03 +0200] "GET /img/python.png HTTP/1.1" 200 185433
::1 - - [23/Dec/2025:14:05:06 +0200] "GET /user HTTP/1.1" 200 672
::1 - - [23/Dec/2025:14:05:09 +0200] "GET /discount HTTP/1.1" 200 404
::1 - - [23/Dec/2025:14:05:38 +0200] "GET /usertest HTTP/1.1" 200 1107
::1 - - [23/Dec/2025:14:05:38 +0200] "GET /js/site.js HTTP/1.1" 200 3585
::1 - - [23/Dec/2025:14:05:38 +0200] "GET /css/site.css HTTP/1.1" 200 46
::1 - - [23/Dec/2025:14:05:38 +0200] "GET /img/python.png HTTP/1.1" 200 185433
::1 - - [23/Dec/2025:14:05:39 +0200] "GET /user HTTP/1.1" 200 672
::1 - - [23/Dec/2025:14:05:41 +0200] "GET /discount HTTP/1.1" 200 1198
::1 - - [23/Dec/2025:14:19:43 +0200] "GET /usertest HTTP/1.1" 200 1107
::1 - - [23/Dec/2025:14:19:44 +0200] "GET /css/site.css HTTP/1.1" 200 46
::1 - - [23/Dec/2025:14:19:44 +0200] "GET /js/site.js HTTP/1.1" 200 3586
::1 - - [23/Dec/2025:14:19:44 +0200] "GET /img/python.png HTTP/1.1" 200 185433
::1 - - [23/Dec/2025:14:19:46 +0200] "GET /user HTTP/1.1" 200 672
::1 - - [23/Dec/2025:14:19:50 +0200] "GET /discount HTTP/1.1" 200 422
::1 - - [23/Dec/2025:14:20:15 +0200] "GET /usertest HTTP/1.1" 200 1107
::1 - - [23/Dec/2025:14:20:15 +0200] "GET /css/site.css HTTP/1.1" 200 46
::1 - - [23/Dec/2025:14:20:15 +0200] "GET /js/site.js HTTP/1.1" 200 3585
::1 - - [23/Dec/2025:14:20:15 +0200] "GET /img/python.png HTTP/1.1" 200 185433
::1 - - [23/Dec/2025:14:20:16 +0200] "GET /user HTTP/1.1" 200 672
::1 - - [23/Dec/2025:14:20:18 +0200] "GET /discount HTTP/1.1" 200 1197
::1 - - [23/Dec/2025:14:26:09 +0200] "GET /usertest HTTP/1.1" 200 1107
::1 - - [23/Dec/2025:14:26:09 +0200] "GET /css/site.css HTTP/1.1" 200 46
::1 - - [23/Dec/2025:14:26:09 +0200] "GET /js/site.js HTTP/1.1" 200 3672
::1 - - [23/Dec/2025:14:26:09 +0200] "GET /img/python.png HTTP/1.1" 200 185433
::1 - - [23/Dec/2025:14:26:10 +0200] "GET /user HTTP/1.1" 200 671
::1 - - [23/Dec/2025:14:26:12 +0200] "GET /discount HTTP/1.1" 200 413
::1 - - [23/Dec/2025:14:26:34 +0200] "GET /usertest HTTP/1.1" 200 1107
::1 - - [23/Dec/2025:14:26:34 +0200] "GET /css/site.css HTTP/1.1" 200 46
::1 - - [23/Dec/2025:14:26:34 +0200] "GET /js/site.js HTTP/1.1" 200 3673
::1 - - [23/Dec/2025:14:26:34 +0200] "GET /img/python.png HTTP/1.1" 200 185433
::1 - - [23/Dec/2025:14:26:35 +0200] "GET /user HTTP/1.1" 200 672
::1 - - [23/Dec/2025:14:26:37 +0200] "GET /discount HTTP/1.1" 200 924
::1 - - [23/Dec/2025:14:27:02 +0200] "GET /usertest HTTP/1.1" 200 1107
::1 - - [23/Dec/2025:14:27:02 +0200] "GET /css/site.css HTTP/1.1" 200 46
::1 - - [23/Dec/2025:14:27:02 +0200] "GET /js/site.js HTTP/1.1" 200 3674
::1 - - [23/Dec/2025:14:27:02 +0200] "GET /img/python.png HTTP/1.1" 200 185433
::1 - - [23/Dec/2025:14:27:03 +0200] "GET /user HTTP/1.1" 200 672
::1 - - [23/Dec/2025:14:27:05 +0200] "GET /discount HTTP/1.1" 200 925
::1 - - [23/Dec/2025:14:27:42 +0200] "GET /usertest HTTP/1.1" 200 1107
::1 - - [23/Dec/2025:14:27:43 +0200] "GET /css/site.css HTTP/1.1" 200 46
::1 - - [23/Dec/2025:14:27:43 +0200] "GET /js/site.js HTTP/1.1" 200 3660
::1 - - [23/Dec/2025:14:27:43 +0200] "GET /img/python.png HTTP/1.1" 200 185433
::1 - - [23/Dec/2025:14:27:44 +0200] "GET /user HTTP/1.1" 200 672
::1 - - [23/Dec/2025:14:27:45 +0200] "GET /discount HTTP/1.1" 200 413
::1 - - [23/Dec/2025:14:28:21 +0200] "GET /usertest HTTP/1.1" 200 1107
::1 - - [23/Dec/2025:14:28:22 +0200] "GET /css/site.css HTTP/1.1" 200 46
::1 - - [23/Dec/2025:14:28:22 +0200] "GET /js/site.js HTTP/1.1" 200 3660
::1 - - [23/Dec/2025:14:28:22 +0200] "GET /img/python.png HTTP/1.1" 200 185433
::1 - - [23/Dec/2025:14:28:23 +0200] "GET /user HTTP/1.1" 200 672
::1 - - [23/Dec/2025:14:28:24 +0200] "GET /discount HTTP/1.1" 200 1198
::1 - - [23/Dec/2025:14:36:32 +0200] "GET /usertest HTTP/1.1" 200 1107
::1 - - [23/Dec/2025:14:36:32 +0200] "GET /css/site.css HTTP/1.1" 200 46
::1 - - [23/Dec/2025:14:36:32 +0200] "GET /js/site.js HTTP/1.1" 200 3643
::1 - - [23/Dec/2025:14:36:32 +0200] "GET /img/python.png HTTP/1.1" 200 185433
::1 - - [23/Dec/2025:14:36:33 +0200] "GET /user HTTP/1.1" 200 672
::1 - - [23/Dec/2025:14:36:35 +0200] "GET /discount HTTP/1.1" 200 413
::1 - - [23/Dec/2025:14:37:01 +0200] "GET /usertest HTTP/1.1" 200 1107
::1 - - [23/Dec/2025:14:37:01 +0200] "GET /css/site.css HTTP/1.1" 200 46
::1 - - [23/Dec/2025:14:37:01 +0200] "GET /js/site.js HTTP/1.1" 200 3645
::1 - - [23/Dec/2025:14:37:01 +0200] "GET /img/python.png HTTP/1.1" 200 185433
::1 - - [23/Dec/2025:14:37:02 +0200] "GET /user HTTP/1.1" 200 672
::1 - - [23/Dec/2025:14:37:04 +0200] "GET /discount HTTP/1.1" 200 416
::1 - - [23/Dec/2025:14:39:38 +0200] "GET /usertest HTTP/1.1" 200 1107
::1 - - [23/Dec/2025:14:39:39 +0200] "GET /css/site.css HTTP/1.1" 200 46
::1 - - [23/Dec/2025:14:39:39 +0200] "GET /js/site.js HTTP/1.1" 200 3821
::1 - - [23/Dec/2025:14:39:39 +0200] "GET /img/python.png HTTP/1.1" 200 185433
::1 - - [23/Dec/2025:14:39:40 +0200] "GET /user HTTP/1.1" 200 672
::1 - - [23/Dec/2025:14:39:42 +0200] "GET /discount HTTP/1.1" 500 63
::1 - - [23/Dec/2025:14:41:36 +0200] "GET /usertest HTTP/1.1" 200 1107
::1 - - [23/Dec/2025:14:41:37 +0200] "GET /js/site.js HTTP/1.1" 200 3821
::1 - - [23/Dec/2025:14:41:37 +0200] "GET /css/site.css HTTP/1.1" 200 46
::1 - - [23/Dec/2025:14:41:37 +0200] "GET /img/python.png HTTP/1.1" 200 185433
::1 - - [23/Dec/2025:14:41:38 +0200] "GET /user HTTP/1.1" 200 672
::1 - - [23/Dec/2025:14:41:40 +0200] "GET /discount HTTP/1.1" 200 415
::1 - - [23/Dec/2025:15:10:50 +0200] "GET /usertest HTTP/1.1" 200 1107
::1 - - [23/Dec/2025:15:10:50 +0200] "GET /css/site.css HTTP/1.1" 200 46
::1 - - [23/Dec/2025:15:10:50 +0200] "GET /js/site.js HTTP/1.1" 200 3903
::1 - - [23/Dec/2025:15:10:50 +0200] "GET /img/python.png HTTP/1.1" 200 185433
::1 - - [23/Dec/2025:15:10:51 +0200] "GET /user HTTP/1.1" 200 672
::1 - - [23/Dec/2025:15:10:53 +0200] "GET /discount HTTP/1.1" 200 413
::1 - - [23/Dec/2025:15:11:20 +0200] "GET /usertest HTTP/1.1" 200 1107
::1 - - [23/Dec/2025:15:11:20 +0200] "GET /css/site.css HTTP/1.1" 200 46
::1 - - [23/Dec/2025:15:11:20 +0200] "GET /js/site.js HTTP/1.1" 200 3903
::1 - - [23/Dec/2025:15:11:20 +0200] "GET /img/python.png HTTP/1.1" 200 185433
::1 - - [23/Dec/2025:15:11:21 +0200] "GET /user HTTP/1.1" 200 672
::1 - - [23/Dec/2025:15:11:23 +0200] "GET /discount HTTP/1.1" 200 1198
::1 - - [23/Dec/2025:15:17:42 +0200] "GET /usertest HTTP/1.1" 200 1107
::1 - - [23/Dec/2025:15:17:43 +0200] "GET /css/site.css HTTP/1.1" 200 46
::1 - - [23/Dec/2025:15:17:42 +0200] "GET /js/site.js HTTP/1.1" 200 3989
::1 - - [23/Dec/2025:15:17:43 +0200] "GET /img/python.png HTTP/1.1" 200 185433
::1 - - [23/Dec/2025:15:17:44 +0200] "GET /user HTTP/1.1" 200 672
::1 - - [23/Dec/2025:15:17:46 +0200] "GET /discount HTTP/1.1" 200 416
::1 - - [23/Dec/2025:15:18:39 +0200] "GET /usertest HTTP/1.1" 200 1107
::1 - - [23/Dec/2025:15:18:39 +0200] "GET /css/site.css HTTP/1.1" 200 46
::1 - - [23/Dec/2025:15:18:39 +0200] "GET /js/site.js HTTP/1.1" 200 4076
::1 - - [23/Dec/2025:15:18:40 +0200] "GET /img/python.png HTTP/1.1" 200 185433
::1 - - [23/Dec/2025:15:18:41 +0200] "GET /user HTTP/1.1" 200 671
::1 - - [23/Dec/2025:15:18:42 +0200] "GET /discount HTTP/1.1" 200 421
::1 - - [23/Dec/2025:15:19:14 +0200] "GET /usertest HTTP/1.1" 200 1107
::1 - - [23/Dec/2025:15:19:14 +0200] "GET /css/site.css HTTP/1.1" 200 46
::1 - - [23/Dec/2025:15:19:14 +0200] "GET /js/site.js HTTP/1.1" 200 4076
::1 - - [23/Dec/2025:15:19:14 +0200] "GET /img/python.png HTTP/1.1" 200 185433
::1 - - [23/Dec/2025:15:19:15 +0200] "GET /user HTTP/1.1" 200 671
::1 - - [23/Dec/2025:15:19:17 +0200] "GET /discount HTTP/1.1" 200 1198
::1 - - [23/Dec/2025:15:21:12 +0200] "POST /user HTTP/1.1" 200 1217
::1 - - [23/Dec/2025:15:21:23 +0200] "GET /discount HTTP/1.1" 200 1198
::1 - - [23/Dec/2025:15:22:53 +0200] "GET /usertest HTTP/1.1" 200 1107
::1 - - [23/Dec/2025:15:22:53 +0200] "GET /css/site.css HTTP/1.1" 200 46
::1 - - [23/Dec/2025:15:22:53 +0200] "GET /js/site.js HTTP/1.1" 200 4182
::1 - - [23/Dec/2025:15:22:53 +0200] "GET /img/python.png HTTP/1.1" 200 185433
::1 - - [23/Dec/2025:15:22:54 +0200] "GET /user HTTP/1.1" 200 672
::1 - - [23/Dec/2025:15:22:56 +0200] "GET /discount HTTP/1.1" 200 417
::1 - - [23/Dec/2025:15:24:03 +0200] "GET /usertest HTTP/1.1" 200 1107
::1 - - [23/Dec/2025:15:24:03 +0200] "GET /css/site.css HTTP/1.1" 200 46
::1 - - [23/Dec/2025:15:24:03 +0200] "GET /js/site.js HTTP/1.1" 200 4289
::1 - - [23/Dec/2025:15:24:03 +0200] "GET /img/python.png HTTP/1.1" 200 185433
::1 - - [23/Dec/2025:15:24:04 +0200] "GET /user HTTP/1.1" 200 672
::1 - - [23/Dec/2025:15:24:06 +0200] "GET /discount HTTP/1.1" 200 421
::1 - - [23/Dec/2025:15:31:31 +0200] "GET /usertest HTTP/1.1" 200 1107
::1 - - [23/Dec/2025:15:31:32 +0200] "GET /css/site.css HTTP/1.1" 200 46
::1 - - [23/Dec/2025:15:31:32 +0200] "GET /js/site.js HTTP/1.1" 200 4400
::1 - - [23/Dec/2025:15:31:32 +0200] "GET /img/python.png HTTP/1.1" 200 185433
::1 - - [23/Dec/2025:15:31:33 +0200] "GET /user HTTP/1.1" 200 672
::1 - - [23/Dec/2025:15:31:35 +0200] "GET /discount HTTP/1.1" 200 412
::1 - - [23/Dec/2025:15:32:06 +0200] "GET /usertest HTTP/1.1" 200 1107
::1 - - [23/Dec/2025:15:32:06 +0200] "GET /css/site.css HTTP/1.1" 200 46
::1 - - [23/Dec/2025:15:32:06 +0200] "GET /js/site.js HTTP/1.1" 200 4513
::1 - - [23/Dec/2025:15:32:06 +0200] "GET /img/python.png HTTP/1.1" 200 185433
::1 - - [23/Dec/2025:15:32:07 +0200] "GET /user HTTP/1.1" 200 671
::1 - - [23/Dec/2025:15:32:09 +0200] "GET /discount HTTP/1.1" 200 412
::1 - - [23/Dec/2025:15:32:31 +0200] "GET /usertest HTTP/1.1" 200 1107
::1 - - [23/Dec/2025:15:32:31 +0200] "GET /css/site.css HTTP/1.1" 200 46
::1 - - [23/Dec/2025:15:32:31 +0200] "GET /js/site.js HTTP/1.1" 200 4512
::1 - - [23/Dec/2025:15:32:32 +0200] "GET /img/python.png HTTP/1.1" 200 185433
::1 - - [23/Dec/2025:15:32:32 +0200] "GET /user HTTP/1.1" 200 671
::1 - - [23/Dec/2025:15:32:34 +0200] "GET /discount HTTP/1.1" 200 1198
::1 - - [23/Dec/2025:15:37:05 +0200] "GET /usertest HTTP/1.1" 200 1107
::1 - - [23/Dec/2025:15:37:05 +0200] "GET /js/site.js HTTP/1.1" 200 4512
::1 - - [23/Dec/2025:15:37:05 +0200] "GET /css/site.css HTTP/1.1" 200 46
::1 - - [23/Dec/2025:15:37:05 +0200] "GET /img/python.png HTTP/1.1" 200 185433
::1 - - [23/Dec/2025:15:37:07 +0200] "GET /user HTTP/1.1" 200 672
::1 - - [23/Dec/2025:15:37:09 +0200] "GET /discount HTTP/1.1" 200 1198
::1 - - [23/Dec/2025:15:38:02 +0200] "GET /user HTTP/1.1" 200 399
::1 - - [23/Dec/2025:15:38:07 +0200] "GET /usertest HTTP/1.1" 200 1107
::1 - - [23/Dec/2025:15:38:07 +0200] "GET /css/site.css HTTP/1.1" 200 46
::1 - - [23/Dec/2025:15:38:07 +0200] "GET /js/site.js HTTP/1.1" 200 4891
::1 - - [23/Dec/2025:15:38:07 +0200] "GET /img/python.png HTTP/1.1" 200 185433
::1 - - [23/Dec/2025:15:38:08 +0200] "GET /user HTTP/1.1" 200 672
::1 - - [23/Dec/2025:15:40:46 +0200] "GET /usertest HTTP/1.1" 200 1107
::1 - - [23/Dec/2025:15:40:46 +0200] "GET /css/site.css HTTP/1.1" 200 46
::1 - - [23/Dec/2025:15:40:46 +0200] "GET /js/site.js HTTP/1.1" 200 5190
::1 - - [23/Dec/2025:15:40:46 +0200] "GET /img/python.png HTTP/1.1" 200 185433
::1 - - [23/Dec/2025:15:40:47 +0200] "GET /user HTTP/1.1" 200 672
::1 - - [23/Dec/2025:15:40:49 +0200] "GET /discount HTTP/1.1" 200 401
::1 - - [23/Dec/2025:16:05:38 +0200] "GET /usertest HTTP/1.1" 200 1107
::1 - - [23/Dec/2025:16:05:38 +0200] "GET /css/site.css HTTP/1.1" 200 46
::1 - - [23/Dec/2025:16:05:38 +0200] "GET /js/site.js HTTP/1.1" 200 5190
::1 - - [23/Dec/2025:16:05:38 +0200] "GET /img/python.png HTTP/1.1" 200 185433
::1 - - [23/Dec/2025:16:05:39 +0200] "GET /user HTTP/1.1" 200 672
::1 - - [23/Dec/2025:16:05:41 +0200] "GET /discount HTTP/1.1" 200 536
::1 - - [23/Dec/2025:16:10:41 +0200] "GET /usertest HTTP/1.1" 200 1107
::1 - - [23/Dec/2025:16:10:41 +0200] "GET /css/site.css HTTP/1.1" 200 46
::1 - - [23/Dec/2025:16:10:41 +0200] "GET /js/site.js HTTP/1.1" 200 5385
::1 - - [23/Dec/2025:16:10:41 +0200] "GET /img/python.png HTTP/1.1" 200 185433
::1 - - [23/Dec/2025:16:10:43 +0200] "GET /user HTTP/1.1" 200 671
::1 - - [23/Dec/2025:16:10:46 +0200] "GET /discount HTTP/1.1" 200 406
